<?xml version="1.0" encoding="UTF-8"?>
<testng-results ignored="0" total="1" passed="1" failed="0" skipped="0">
  <reporter-output>
  </reporter-output>
  <suite started-at="2024-05-23T12:52:00 IST" name="Surefire suite" finished-at="2024-05-23T12:53:49 IST" duration-ms="108545">
    <groups>
      <group name="cucumber">
        <method signature="AbstractTestNGCucumberTests.runScenario(io.cucumber.testng.PickleWrapper,io.cucumber.testng.FeatureWrapper)[pri:0, instance:runner.RunnerTest$MyTestNGRunnerTest@5fdcaa40]" name="runScenario" class="io.cucumber.testng.AbstractTestNGCucumberTests"/>
      </group> <!-- cucumber -->
    </groups>
    <test started-at="2024-05-23T12:52:00 IST" name="Surefire test" finished-at="2024-05-23T12:53:49 IST" duration-ms="108545">
      <class name="runner.RunnerTest$MyTestNGRunnerTest">
        <test-method is-config="true" signature="setUpClass(org.testng.ITestContext)[pri:0, instance:runner.RunnerTest$MyTestNGRunnerTest@5fdcaa40]" started-at="2024-05-23T12:52:01 IST" name="setUpClass" finished-at="2024-05-23T12:52:06 IST" duration-ms="5007" status="PASS">
          <params>
            <param index="0">
              <value>
                <![CDATA[org.testng.TestRunner@120d3fd]]>
              </value>
            </param>
          </params>
          <reporter-output>
          </reporter-output>
        </test-method> <!-- setUpClass -->
        <test-method signature="runScenario(io.cucumber.testng.PickleWrapper,io.cucumber.testng.FeatureWrapper)[pri:0, instance:runner.RunnerTest$MyTestNGRunnerTest@5fdcaa40]" started-at="2024-05-23T12:52:06 IST" name="runScenario" description="Runs Cucumber Scenarios" data-provider="scenarios" finished-at="2024-05-23T12:53:49 IST" duration-ms="102939" status="PASS">
          <params>
            <param index="0">
              <value>
                <![CDATA["Validate the list of language available at homepage"]]>
              </value>
            </param>
            <param index="1">
              <value>
                <![CDATA["This is BSE india automation"]]>
              </value>
            </param>
          </params>
          <reporter-output>
          </reporter-output>
        </test-method> <!-- runScenario -->
        <test-method is-config="true" signature="tearDownClass()[pri:0, instance:runner.RunnerTest$MyTestNGRunnerTest@5fdcaa40]" started-at="2024-05-23T12:53:49 IST" name="tearDownClass" finished-at="2024-05-23T12:53:49 IST" duration-ms="169" status="PASS">
          <reporter-output>
          </reporter-output>
        </test-method> <!-- tearDownClass -->
      </class> <!-- runner.RunnerTest$MyTestNGRunnerTest -->
    </test> <!-- Surefire test -->
  </suite> <!-- Surefire suite -->
</testng-results>
