<?xml version="1.0" encoding="UTF-8"?>
<testng-results ignored="0" total="1" passed="1" failed="0" skipped="0">
  <reporter-output>
  </reporter-output>
  <suite started-at="2024-05-24T21:24:20 IST" name="Default suite" finished-at="2024-05-24T21:24:44 IST" duration-ms="24577">
    <groups>
      <group name="cucumber">
        <method signature="AbstractTestNGCucumberTests.runScenario(io.cucumber.testng.PickleWrapper,io.cucumber.testng.FeatureWrapper)[pri:0, instance:runner.RunnerTest$MyTestNGRunnerTest@707194ba]" name="runScenario" class="io.cucumber.testng.AbstractTestNGCucumberTests"/>
      </group> <!-- cucumber -->
    </groups>
    <test started-at="2024-05-24T21:24:20 IST" name="Default test" finished-at="2024-05-24T21:24:44 IST" duration-ms="24577">
      <class name="runner.RunnerTest$MyTestNGRunnerTest">
        <test-method is-config="true" signature="setUpClass(org.testng.ITestContext)[pri:0, instance:runner.RunnerTest$MyTestNGRunnerTest@707194ba]" started-at="2024-05-24T21:24:20 IST" name="setUpClass" finished-at="2024-05-24T21:24:22 IST" duration-ms="2471" status="PASS">
          <params>
            <param index="0">
              <value>
                <![CDATA[org.testng.TestRunner@69a2b3b6]]>
              </value>
            </param>
          </params>
          <reporter-output>
          </reporter-output>
        </test-method> <!-- setUpClass -->
        <test-method signature="runScenario(io.cucumber.testng.PickleWrapper,io.cucumber.testng.FeatureWrapper)[pri:0, instance:runner.RunnerTest$MyTestNGRunnerTest@707194ba]" started-at="2024-05-24T21:24:22 IST" name="runScenario" description="Runs Cucumber Scenarios" data-provider="scenarios" finished-at="2024-05-24T21:24:44 IST" duration-ms="21863" status="PASS">
          <params>
            <param index="0">
              <value>
                <![CDATA["Validate the list of language available at homepage"]]>
              </value>
            </param>
            <param index="1">
              <value>
                <![CDATA["This is BSE india automation"]]>
              </value>
            </param>
          </params>
          <reporter-output>
          </reporter-output>
        </test-method> <!-- runScenario -->
        <test-method is-config="true" signature="tearDownClass()[pri:0, instance:runner.RunnerTest$MyTestNGRunnerTest@707194ba]" started-at="2024-05-24T21:24:44 IST" name="tearDownClass" finished-at="2024-05-24T21:24:44 IST" duration-ms="93" status="PASS">
          <reporter-output>
          </reporter-output>
        </test-method> <!-- tearDownClass -->
      </class> <!-- runner.RunnerTest$MyTestNGRunnerTest -->
    </test> <!-- Default test -->
  </suite> <!-- Default suite -->
</testng-results>
